This is pdfTeX, Version 3.141592653-2.6-1.40.22 (TeX Live 2021/W32TeX) (preloaded format=pdflatex 2021.5.10)  5 JUN 2021 02:39
entering extended mode
 restricted \write18 enabled.
 %&-line parsing enabled.
**AEProject.tex
(./AEProject.tex
LaTeX2e <2020-10-01> patch level 4
L3 programming layer <2021-05-07>

! LaTeX Error: File `article.cls' not found.

Type X to quit or <RETURN> to proceed,
or enter new name. (Default extension: cls)

Enter file name: 
! Emergency stop.
<read *> 
         
l.7 \usepackage
               {lmodern}^^M 
Here is how much of TeX's memory you used:
 27 strings out of 480806
 555 string characters out of 5902634
 281488 words of memory out of 5000000
 17506 multiletter control sequences out of 15000+600000
 403430 words of font info for 27 fonts, out of 8000000 for 9000
 14 hyphenation exceptions out of 8191
 19i,0n,27p,88b,13s stack positions out of 5000i,500n,10000p,200000b,80000s

!  ==> Fatal error occurred, no output PDF file produced!
